Arguments: 
  D:\Program Files\nodejs\node.exe C:\Users\lx\AppData\Roaming\npm\node_modules\yarn\bin\yarn.js

PATH: 
  C:\Users\lx\bin;D:\Program Files\Git\mingw64\bin;D:\Program Files\Git\usr\local\bin;D:\Program Files\Git\usr\bin;D:\Program Files\Git\usr\bin;D:\Program Files\Git\mingw64\bin;D:\Program Files\Git\usr\bin;C:\Users\lx\bin;C:\Program Files (x86)\Common Files\NetSarang;C:\Windows\system32;C:\Windows;C:\Windows\System32\Wbem;C:\Windows\System32\WindowsPowerShell\v1.0;C:\Program Files (x86)\Intel\OpenCL SDK\2.0\bin\x86;C:\Program Files (x86)\Intel\OpenCL SDK\2.0\bin\x64;C:\Java\jdk1.6.0_43\bin;D:\Java\jdk1.7.0_80\bin;D:\Java\jdk1.7.0_80\jre\bin;C:\Program Files (x86)\Microsoft SQL Server\80\Tools\Binn;C:\Program Files\Microsoft SQL Server\90\DTS\Binn;C:\Program Files\Microsoft SQL Server\90\Tools\binn;C:\Program Files (x86)\Microsoft SQL Server\90\Tools\binn;C:\Program Files (x86)\Microsoft SQL Server\90\DTS\Binn;C:\Program Files (x86)\Microsoft SQL Server\90\Tools\Binn\VSShell\Common7\IDE;C:\Program Files (x86)\Microsoft Visual Studio 8\Common7\IDE\PrivateAssemblies;D:\apache-maven-3.5.2-bin\apache-maven-3.5.2\bin;D:\Program Files\Microsoft VS Code\bin;D:\Program Files\Git\cmd;D:\Python27;D:\Python27\Scripts;D:\Python36;D:\Python36\Scripts;D:\Program Files\nodejs;D:\Python36\Scripts;D:\Python36;C:\Users\lx\AppData\Roaming\npm;D:\flutter_windows_v1.7.8+hotfix.4-stable\flutter\bin;D:\Program Files\Git\usr\bin\vendor_perl;D:\Program Files\Git\usr\bin\core_perl

Yarn version: 
  1.15.2

Node version: 
  10.15.3

Platform: 
  win32 x64

Trace: 
  Error: https://registry.npm.taobao.org/core-js/download/core-js-2.6.10.tgz?cache=0&sync_timestamp=1574362866974&other_urls=https%3A%2F%2Fregistry.npm.taobao.org%2Fcore-js%2Fdownload%2Fcore-js-2.6.10.tgz: ESOCKETTIMEDOUT
      at ClientRequest.<anonymous> (C:\Users\lx\AppData\Roaming\npm\node_modules\yarn\lib\cli.js:130168:19)
      at Object.onceWrapper (events.js:277:13)
      at ClientRequest.emit (events.js:189:13)
      at TLSSocket.emitRequestTimeout (_http_client.js:662:40)
      at Object.onceWrapper (events.js:277:13)
      at TLSSocket.emit (events.js:189:13)
      at TLSSocket.Socket._onTimeout (net.js:440:8)
      at ontimeout (timers.js:436:11)
      at tryOnTimeout (timers.js:300:5)
      at listOnTimeout (timers.js:263:5)

npm manifest: 
  {
    "name": "@umi-block/",
    "version": "0.0.1",
    "description": "",
    "main": "src/index.js",
    "authors": {
      "name": "",
      "email": ""
    },
    "repository": "umijs/umi-blocks/",
    "scripts": {
      "dev": "umi dev"
    },
    "dependencies": {
      "react": ">=16.0.0"
    },
    "devDependencies": {
      "umi": "^2.9.0",
      "umi-plugin-block-dev": "^2.0.0"
    },
    "license": "MIT"
  }

yarn manifest: 
  No manifest

Lockfile: 
  No lockfile
